{"message":"Unauthorized request to path: /barber-list","level":"error"}
{"message":"Unauthorized request to path: /barber-list","level":"error"}
{"message":"Name is required","level":"error"}
{"message":"Name is required","level":"error"}
{"message":"Phone number or email is required","level":"error"}
{"message":"barber with id 916341ad-0073-45b2-b588-689bf1f4fef2 created","level":"info"}
{"message":"barber with id 93f62b25-b99c-4bca-884f-d78b5e8df7bb created","level":"info"}
{"message":"Unauthorized request to path: /barbers","level":"error"}
{"message":"Unauthorized request to path: /api/barbers","level":"error"}
{"message":"Unauthorized request to path: /api/barbers","level":"error"}
{"message":"Unauthorized request to path: /api/barbers","level":"error"}
{"message":"Unauthorized request to path: /api/barbers","level":"error"}
{"message":"Unauthorized request to path: /api/barbers","level":"error"}
{"message":"Unauthorized request to path: /api/barbers","level":"error"}
{"message":"Unauthorized request to path: /api/barbers","level":"error"}
{"message":"Unauthorized request to path: /api/barbers","level":"error"}
{"message":"Unauthorized request to path: /api/barbers","level":"error"}
{"message":"Unauthorized request to path: /api/barbers","level":"error"}
{"message":"Unauthorized request to path: /api/barbers","level":"error"}
{"message":"Unauthorized request to path: /api/barbers","level":"error"}
{"message":"Unauthorized request to path: /api/barbers","level":"error"}
{"message":"Unauthorized request to path: /api/barbers","level":"error"}
{"message":"Unauthorized request to path: /api/barbers","level":"error"}
{"message":"Unauthorized request to path: /api/barbers","level":"error"}
{"message":"Unauthorized request to path: /api/barbers","level":"error"}
{"message":"Unauthorized request to path: /api/barbers","level":"error"}
{"message":"Unauthorized request to path: /api/barbers","level":"error"}
{"message":"Unauthorized request to path: /api/barbers","level":"error"}
{"message":"Unauthorized request to path: /api/barbers","level":"error"}
{"message":"Unauthorized request to path: /api/barbers","level":"error"}
{"message":"Unauthorized request to path: /api/barbers","level":"error"}
{"message":"Unauthorized request to path: /api/barbers","level":"error"}
{"message":"Unauthorized request to path: /api/barbers","level":"error"}
{"message":"Unauthorized request to path: /api/barbers","level":"error"}
{"message":"Unauthorized request to path: /api/barbers","level":"error"}
{"message":"Unauthorized request to path: /api/barbers","level":"error"}
{"message":"Unauthorized request to path: /api/barbers","level":"error"}
{"message":"Unauthorized request to path: /api/barbers","level":"error"}
{"message":"Unauthorized request to path: /api/barbers","level":"error"}
{"message":"Unauthorized request to path: /api/barbers","level":"error"}
{"message":"Unauthorized request to path: /api/barbers","level":"error"}
{"message":"Unauthorized request to path: /api/barbers","level":"error"}
{"message":"Unauthorized request to path: /api/barbers","level":"error"}
{"message":"Unauthorized request to path: /api/barbers","level":"error"}
{"message":"Unauthorized request to path: /api/barbers","level":"error"}
{"message":"Unauthorized request to path: /api/barbers","level":"error"}
{"message":"barber with id f14992b0-b2c9-4b5b-8275-e8d7f7f7d662 created","level":"info"}
{"message":"barber with id dd8d34c2-6456-4b10-ba88-c8484ccd0f46 created","level":"info"}
{"message":"barber with id e048f42a-8cae-42b7-a124-3f9e3f934a1e created","level":"info"}
{"message":"Phone number or email is required","level":"error"}
{"message":"Phone number or email is required","level":"error"}
{"message":"Phone number or email is required","level":"error"}
{"message":"Name is required","level":"error"}
{"message":"Name is required","level":"error"}
{"message":"Name is required","level":"error"}
{"message":"Name is required","level":"error"}
{"message":"Name is required","level":"error"}
{"message":"Phone number or email is required","level":"error"}
{"message":"Phone number or email is required","level":"error"}
{"message":"Phone number or email is required","level":"error"}
{"message":"Phone number or email is required","level":"error"}
{"message":"List with id 101 not found.","level":"error"}
{"message":"barber with id 101 not found.","level":"error"}
{"message":"barber with id 100 not found.","level":"error"}
{"message":"barber with id 80 not found.","level":"error"}
{"message":"barber with id 80 not found.","level":"error"}
{"message":"barber with id 80 not found.","level":"error"}
{"message":"List with id 80 not found.","level":"error"}
{"message":"List with id 80 not found.","level":"error"}
{"message":"List with id 80 not found.","level":"error"}
{"message":"List with id 80 not found.","level":"error"}
